-- The C compiler identification is GNU 13.3.0
-- The CXX compiler identification is GNU 13.3.0
-- Detecting C compiler ABI info
-- Detecting C compiler ABI info - done
-- Check for working C compiler: /usr/bin/cc - skipped
-- Detecting C compile features
-- Detecting C compile features - done
-- Detecting CXX compiler ABI info
-- Detecting CXX compiler ABI info - done
-- Check for working CXX compiler: /usr/bin/c++ - skipped
-- Detecting CXX compile features
-- Detecting CXX compile features - done
-- Found ament_cmake: 2.5.4 (/opt/ros/jazzy/share/ament_cmake/cmake)
-- Found Python3: /usr/bin/python3 (found version "3.12.3") found components: Interpreter 
-- Override CMake install command with custom implementation using symlinks instead of copying resources
-- Configuring done (1.7s)
-- Generating done (0.0s)
-- Build files have been written to: /home/richard/ros2_ws/src/robo_swarm_fed/build/robo_swarm_description
-- Install configuration: ""
-- Execute custom install script
-- Symlinking: /home/richard/ros2_ws/src/robo_swarm_fed/install/robo_swarm_description/share/robo_swarm_description/urdf/common_properties.xacro
-- Symlinking: /home/richard/ros2_ws/src/robo_swarm_fed/install/robo_swarm_description/share/robo_swarm_description/urdf/mobile_base.xacro
-- Symlinking: /home/richard/ros2_ws/src/robo_swarm_fed/install/robo_swarm_description/share/robo_swarm_description/urdf/mobile_base_gazebo.xacro
-- Symlinking: /home/richard/ros2_ws/src/robo_swarm_fed/install/robo_swarm_description/share/robo_swarm_description/urdf/my_robot.urdf.xacro
-- Symlinking: /home/richard/ros2_ws/src/robo_swarm_fed/install/robo_swarm_description/share/ament_index/resource_index/package_run_dependencies/robo_swarm_description
-- Symlinking: /home/richard/ros2_ws/src/robo_swarm_fed/install/robo_swarm_description/share/ament_index/resource_index/parent_prefix_path/robo_swarm_description
-- Symlinking: /home/richard/ros2_ws/src/robo_swarm_fed/install/robo_swarm_description/share/robo_swarm_description/environment/ament_prefix_path.sh
-- Symlinking: /home/richard/ros2_ws/src/robo_swarm_fed/install/robo_swarm_description/share/robo_swarm_description/environment/ament_prefix_path.dsv
-- Symlinking: /home/richard/ros2_ws/src/robo_swarm_fed/install/robo_swarm_description/share/robo_swarm_description/environment/path.sh
-- Symlinking: /home/richard/ros2_ws/src/robo_swarm_fed/install/robo_swarm_description/share/robo_swarm_description/environment/path.dsv
-- Symlinking: /home/richard/ros2_ws/src/robo_swarm_fed/install/robo_swarm_description/share/robo_swarm_description/local_setup.bash
-- Symlinking: /home/richard/ros2_ws/src/robo_swarm_fed/install/robo_swarm_description/share/robo_swarm_description/local_setup.sh
-- Symlinking: /home/richard/ros2_ws/src/robo_swarm_fed/install/robo_swarm_description/share/robo_swarm_description/local_setup.zsh
-- Symlinking: /home/richard/ros2_ws/src/robo_swarm_fed/install/robo_swarm_description/share/robo_swarm_description/local_setup.dsv
-- Symlinking: /home/richard/ros2_ws/src/robo_swarm_fed/install/robo_swarm_description/share/robo_swarm_description/package.dsv
-- Symlinking: /home/richard/ros2_ws/src/robo_swarm_fed/install/robo_swarm_description/share/ament_index/resource_index/packages/robo_swarm_description
-- Symlinking: /home/richard/ros2_ws/src/robo_swarm_fed/install/robo_swarm_description/share/robo_swarm_description/cmake/robo_swarm_descriptionConfig.cmake
-- Symlinking: /home/richard/ros2_ws/src/robo_swarm_fed/install/robo_swarm_description/share/robo_swarm_description/cmake/robo_swarm_descriptionConfig-version.cmake
-- Symlinking: /home/richard/ros2_ws/src/robo_swarm_fed/install/robo_swarm_description/share/robo_swarm_description/package.xml
