[2.408s] Invoking command in '/home/richard/ros2_ws/src/robo_swarm_fed/build/robo_swarm_controller': DEBUGINFOD_URLS=https://debuginfod.ubuntu.com PYTHONPATH=/home/richard/ros2_ws/src/robo_swarm_fed/build/robo_swarm_controller/prefix_override:/usr/lib/python3/dist-packages/colcon_core/task/python/colcon_distutils_commands:/home/richard/ros2_ws/src/robo_swarm_fed/install/robo_swarm_controller/lib/python3.12/site-packages:${PYTHONPATH} /usr/bin/python3 -W ignore:setup.py install is deprecated -W ignore:easy_install command is deprecated setup.py develop --editable --build-directory /home/richard/ros2_ws/src/robo_swarm_fed/build/robo_swarm_controller/build --no-deps symlink_data
[3.173s] running develop
[3.518s] running egg_info
[3.520s] creating robo_swarm_controller.egg-info
[3.562s] writing robo_swarm_controller.egg-info/PKG-INFO
[3.564s] writing dependency_links to robo_swarm_controller.egg-info/dependency_links.txt
[3.566s] writing entry points to robo_swarm_controller.egg-info/entry_points.txt
[3.566s] writing requirements to robo_swarm_controller.egg-info/requires.txt
[3.566s] writing top-level names to robo_swarm_controller.egg-info/top_level.txt
[3.567s] writing manifest file 'robo_swarm_controller.egg-info/SOURCES.txt'
[3.630s] reading manifest file 'robo_swarm_controller.egg-info/SOURCES.txt'
[3.633s] writing manifest file 'robo_swarm_controller.egg-info/SOURCES.txt'
[3.667s] running build_ext
[3.668s] Creating /home/richard/ros2_ws/src/robo_swarm_fed/install/robo_swarm_controller/lib/python3.12/site-packages/robo-swarm-controller.egg-link (link to .)
[3.671s] Installing obstacle_avoidance script to /home/richard/ros2_ws/src/robo_swarm_fed/install/robo_swarm_controller/lib/robo_swarm_controller
[3.673s] Installing patrol_node script to /home/richard/ros2_ws/src/robo_swarm_fed/install/robo_swarm_controller/lib/robo_swarm_controller
[3.675s] 
[3.676s] Installed /home/richard/ros2_ws/src/robo_swarm_fed/build/robo_swarm_controller
[3.676s] running symlink_data
[3.676s] creating /home/richard/ros2_ws/src/robo_swarm_fed/install/robo_swarm_controller/share/ament_index
[3.677s] creating /home/richard/ros2_ws/src/robo_swarm_fed/install/robo_swarm_controller/share/ament_index/resource_index
[3.678s] creating /home/richard/ros2_ws/src/robo_swarm_fed/install/robo_swarm_controller/share/ament_index/resource_index/packages
[3.679s] symbolically linking /home/richard/ros2_ws/src/robo_swarm_fed/build/robo_swarm_controller/resource/robo_swarm_controller -> /home/richard/ros2_ws/src/robo_swarm_fed/install/robo_swarm_controller/share/ament_index/resource_index/packages
[3.679s] symbolically linking /home/richard/ros2_ws/src/robo_swarm_fed/build/robo_swarm_controller/package.xml -> /home/richard/ros2_ws/src/robo_swarm_fed/install/robo_swarm_controller/share/robo_swarm_controller
[3.713s] Invoked command in '/home/richard/ros2_ws/src/robo_swarm_fed/build/robo_swarm_controller' returned '0': DEBUGINFOD_URLS=https://debuginfod.ubuntu.com PYTHONPATH=/home/richard/ros2_ws/src/robo_swarm_fed/build/robo_swarm_controller/prefix_override:/usr/lib/python3/dist-packages/colcon_core/task/python/colcon_distutils_commands:/home/richard/ros2_ws/src/robo_swarm_fed/install/robo_swarm_controller/lib/python3.12/site-packages:${PYTHONPATH} /usr/bin/python3 -W ignore:setup.py install is deprecated -W ignore:easy_install command is deprecated setup.py develop --editable --build-directory /home/richard/ros2_ws/src/robo_swarm_fed/build/robo_swarm_controller/build --no-deps symlink_data
